DEBUG:pytest:<function pytest_sessionstart at 0x043A1228> - [<Session pytest exitstatus=<ExitCode.OK: 0> testsfailed=0 testscollected=0>]
DEBUG:pytest:<bound method FixtureManager.pytest_plugin_registered of <_pytest.fixtures.FixtureManager object at 0x0451E9B0>> - [<_pytest.config.PytestPluginManager object at 0x03B99530>]
DEBUG:pytest:<bound method FixtureManager.pytest_plugin_registered of <_pytest.fixtures.FixtureManager object at 0x0451E9B0>> - [<_pytest.config.Config object at 0x043DA070>]
DEBUG:pytest:<bound method FixtureManager.pytest_plugin_registered of <_pytest.fixtures.FixtureManager object at 0x0451E9B0>> - [<module '_pytest.mark' from 'c:\\program files (x86)\\python37-32\\lib\\site-packages\\_pytest\\mark\\__init__.py'>]
DEBUG:pytest:<bound method FixtureManager.pytest_plugin_registered of <_pytest.fixtures.FixtureManager object at 0x0451E9B0>> - [<module '_pytest.main' from 'c:\\program files (x86)\\python37-32\\lib\\site-packages\\_pytest\\main.py'>]
DEBUG:pytest:<bound method FixtureManager.pytest_plugin_registered of <_pytest.fixtures.FixtureManager object at 0x0451E9B0>> - [<module '_pytest.runner' from 'c:\\program files (x86)\\python37-32\\lib\\site-packages\\_pytest\\runner.py'>]
DEBUG:pytest:<bound method FixtureManager.pytest_plugin_registered of <_pytest.fixtures.FixtureManager object at 0x0451E9B0>> - [<module '_pytest.fixtures' from 'c:\\program files (x86)\\python37-32\\lib\\site-packages\\_pytest\\fixtures.py'>]
DEBUG:pytest:<bound method FixtureManager.pytest_plugin_registered of <_pytest.fixtures.FixtureManager object at 0x0451E9B0>> - [<module '_pytest.helpconfig' from 'c:\\program files (x86)\\python37-32\\lib\\site-packages\\_pytest\\helpconfig.py'>]
DEBUG:pytest:<bound method FixtureManager.pytest_plugin_registered of <_pytest.fixtures.FixtureManager object at 0x0451E9B0>> - [<module '_pytest.python' from 'c:\\program files (x86)\\python37-32\\lib\\site-packages\\_pytest\\python.py'>]
DEBUG:pytest:<bound method FixtureManager.pytest_plugin_registered of <_pytest.fixtures.FixtureManager object at 0x0451E9B0>> - [<module '_pytest.terminal' from 'c:\\program files (x86)\\python37-32\\lib\\site-packages\\_pytest\\terminal.py'>]
DEBUG:pytest:<bound method FixtureManager.pytest_plugin_registered of <_pytest.fixtures.FixtureManager object at 0x0451E9B0>> - [<module '_pytest.debugging' from 'c:\\program files (x86)\\python37-32\\lib\\site-packages\\_pytest\\debugging.py'>]
DEBUG:pytest:<bound method FixtureManager.pytest_plugin_registered of <_pytest.fixtures.FixtureManager object at 0x0451E9B0>> - [<module '_pytest.unittest' from 'c:\\program files (x86)\\python37-32\\lib\\site-packages\\_pytest\\unittest.py'>]
DEBUG:pytest:<bound method FixtureManager.pytest_plugin_registered of <_pytest.fixtures.FixtureManager object at 0x0451E9B0>> - [<module '_pytest.capture' from 'c:\\program files (x86)\\python37-32\\lib\\site-packages\\_pytest\\capture.py'>]
DEBUG:pytest:<bound method FixtureManager.pytest_plugin_registered of <_pytest.fixtures.FixtureManager object at 0x0451E9B0>> - [<module '_pytest.skipping' from 'c:\\program files (x86)\\python37-32\\lib\\site-packages\\_pytest\\skipping.py'>]
DEBUG:pytest:<bound method FixtureManager.pytest_plugin_registered of <_pytest.fixtures.FixtureManager object at 0x0451E9B0>> - [<module '_pytest.tmpdir' from 'c:\\program files (x86)\\python37-32\\lib\\site-packages\\_pytest\\tmpdir.py'>]
DEBUG:pytest:<bound method FixtureManager.pytest_plugin_registered of <_pytest.fixtures.FixtureManager object at 0x0451E9B0>> - [<module '_pytest.monkeypatch' from 'c:\\program files (x86)\\python37-32\\lib\\site-packages\\_pytest\\monkeypatch.py'>]
DEBUG:pytest:<bound method FixtureManager.pytest_plugin_registered of <_pytest.fixtures.FixtureManager object at 0x0451E9B0>> - [<module '_pytest.recwarn' from 'c:\\program files (x86)\\python37-32\\lib\\site-packages\\_pytest\\recwarn.py'>]
DEBUG:pytest:<bound method FixtureManager.pytest_plugin_registered of <_pytest.fixtures.FixtureManager object at 0x0451E9B0>> - [<module '_pytest.pastebin' from 'c:\\program files (x86)\\python37-32\\lib\\site-packages\\_pytest\\pastebin.py'>]
DEBUG:pytest:<bound method FixtureManager.pytest_plugin_registered of <_pytest.fixtures.FixtureManager object at 0x0451E9B0>> - [<module '_pytest.nose' from 'c:\\program files (x86)\\python37-32\\lib\\site-packages\\_pytest\\nose.py'>]
DEBUG:pytest:<bound method FixtureManager.pytest_plugin_registered of <_pytest.fixtures.FixtureManager object at 0x0451E9B0>> - [<module '_pytest.assertion' from 'c:\\program files (x86)\\python37-32\\lib\\site-packages\\_pytest\\assertion\\__init__.py'>]
DEBUG:pytest:<bound method FixtureManager.pytest_plugin_registered of <_pytest.fixtures.FixtureManager object at 0x0451E9B0>> - [<module '_pytest.junitxml' from 'c:\\program files (x86)\\python37-32\\lib\\site-packages\\_pytest\\junitxml.py'>]
DEBUG:pytest:<bound method FixtureManager.pytest_plugin_registered of <_pytest.fixtures.FixtureManager object at 0x0451E9B0>> - [<module '_pytest.resultlog' from 'c:\\program files (x86)\\python37-32\\lib\\site-packages\\_pytest\\resultlog.py'>]
DEBUG:pytest:<bound method FixtureManager.pytest_plugin_registered of <_pytest.fixtures.FixtureManager object at 0x0451E9B0>> - [<module '_pytest.doctest' from 'c:\\program files (x86)\\python37-32\\lib\\site-packages\\_pytest\\doctest.py'>]
DEBUG:pytest:<bound method FixtureManager.pytest_plugin_registered of <_pytest.fixtures.FixtureManager object at 0x0451E9B0>> - [<module '_pytest.cacheprovider' from 'c:\\program files (x86)\\python37-32\\lib\\site-packages\\_pytest\\cacheprovider.py'>]
DEBUG:pytest:<bound method FixtureManager.pytest_plugin_registered of <_pytest.fixtures.FixtureManager object at 0x0451E9B0>> - [<module '_pytest.freeze_support' from 'c:\\program files (x86)\\python37-32\\lib\\site-packages\\_pytest\\freeze_support.py'>]
DEBUG:pytest:<bound method FixtureManager.pytest_plugin_registered of <_pytest.fixtures.FixtureManager object at 0x0451E9B0>> - [<module '_pytest.setuponly' from 'c:\\program files (x86)\\python37-32\\lib\\site-packages\\_pytest\\setuponly.py'>]
DEBUG:pytest:<bound method FixtureManager.pytest_plugin_registered of <_pytest.fixtures.FixtureManager object at 0x0451E9B0>> - [<module '_pytest.setupplan' from 'c:\\program files (x86)\\python37-32\\lib\\site-packages\\_pytest\\setupplan.py'>]
DEBUG:pytest:<bound method FixtureManager.pytest_plugin_registered of <_pytest.fixtures.FixtureManager object at 0x0451E9B0>> - [<module '_pytest.stepwise' from 'c:\\program files (x86)\\python37-32\\lib\\site-packages\\_pytest\\stepwise.py'>]
DEBUG:pytest:<bound method FixtureManager.pytest_plugin_registered of <_pytest.fixtures.FixtureManager object at 0x0451E9B0>> - [<module '_pytest.warnings' from 'c:\\program files (x86)\\python37-32\\lib\\site-packages\\_pytest\\warnings.py'>]
DEBUG:pytest:<bound method FixtureManager.pytest_plugin_registered of <_pytest.fixtures.FixtureManager object at 0x0451E9B0>> - [<module '_pytest.logging' from 'c:\\program files (x86)\\python37-32\\lib\\site-packages\\_pytest\\logging.py'>]
DEBUG:pytest:<bound method FixtureManager.pytest_plugin_registered of <_pytest.fixtures.FixtureManager object at 0x0451E9B0>> - [<module '_pytest.reports' from 'c:\\program files (x86)\\python37-32\\lib\\site-packages\\_pytest\\reports.py'>]
DEBUG:pytest:<bound method FixtureManager.pytest_plugin_registered of <_pytest.fixtures.FixtureManager object at 0x0451E9B0>> - [<module '_pytest.faulthandler' from 'c:\\program files (x86)\\python37-32\\lib\\site-packages\\_pytest\\faulthandler.py'>]
DEBUG:pytest:<bound method FixtureManager.pytest_plugin_registered of <_pytest.fixtures.FixtureManager object at 0x0451E9B0>> - [<CaptureManager _method='no' _global_capturing=<MultiCapture out=None err=None in_=None _state='suspended' _in_suspended='<UNSET>'> _current_item=None>]
DEBUG:pytest:<bound method FixtureManager.pytest_plugin_registered of <_pytest.fixtures.FixtureManager object at 0x0451E9B0>> - [<module 'conftest' from 'D:\\temp\\pytest\\conftest.py'>]
DEBUG:pytest:<bound method FixtureManager.pytest_plugin_registered of <_pytest.fixtures.FixtureManager object at 0x0451E9B0>> - [<Session pytest exitstatus=<ExitCode.OK: 0> testsfailed=0 testscollected=0>]
DEBUG:pytest:<bound method FixtureManager.pytest_plugin_registered of <_pytest.fixtures.FixtureManager object at 0x0451E9B0>> - [<_pytest.cacheprovider.LFPlugin object at 0x045266B0>]
DEBUG:pytest:<bound method FixtureManager.pytest_plugin_registered of <_pytest.fixtures.FixtureManager object at 0x0451E9B0>> - [<_pytest.cacheprovider.NFPlugin object at 0x04526490>]
DEBUG:pytest:<bound method FixtureManager.pytest_plugin_registered of <_pytest.fixtures.FixtureManager object at 0x0451E9B0>> - [<_pytest.stepwise.StepwisePlugin object at 0x045261F0>]
DEBUG:pytest:<bound method FixtureManager.pytest_plugin_registered of <_pytest.fixtures.FixtureManager object at 0x0451E9B0>> - [<_pytest.terminal.TerminalReporter object at 0x045263B0>]
DEBUG:pytest:<bound method FixtureManager.pytest_plugin_registered of <_pytest.fixtures.FixtureManager object at 0x0451E9B0>> - [<_pytest.logging.LoggingPlugin object at 0x045262B0>]
DEBUG:pytest:<bound method FixtureManager.pytest_plugin_registered of <_pytest.fixtures.FixtureManager object at 0x0451E9B0>> - [<_pytest.fixtures.FixtureManager object at 0x0451E9B0>]
DEBUG:pytest:<bound method TerminalReporter.pytest_plugin_registered of <_pytest.terminal.TerminalReporter object at 0x045263B0>> - [<_pytest.fixtures.FixtureManager object at 0x0451E9B0>]
DEBUG:pytest:<function pytest_sessionstart at 0x044067C8> - [<Session pytest exitstatus=<ExitCode.OK: 0> testsfailed=0 testscollected=0>]
DEBUG:pytest:<bound method TerminalReporter.pytest_sessionstart of <_pytest.terminal.TerminalReporter object at 0x045263B0>> - [<Session pytest exitstatus=<ExitCode.OK: 0> testsfailed=0 testscollected=0>]
DEBUG:pytest:<bound method TerminalReporter.pytest_report_header of <_pytest.terminal.TerminalReporter object at 0x045263B0>> - [<_pytest.config.Config object at 0x043DA070>]
DEBUG:pytest:<function pytest_report_header at 0x044B6B70> - [<_pytest.config.Config object at 0x043DA070>]
DEBUG:pytest:<function pytest_report_header at 0x043D2ED0> - [<_pytest.config.Config object at 0x043DA070>]
DEBUG:pytest:<bound method TerminalReporter.pytest_collection of <_pytest.terminal.TerminalReporter object at 0x045263B0>> - []
DEBUG:pytest:<function pytest_collection at 0x03FC3C00> - [<Session pytest exitstatus=<ExitCode.OK: 0> testsfailed=0 testscollected=0>]
DEBUG:pytest:<function pytest_collection at 0x04417198> - [<Session pytest exitstatus=<ExitCode.OK: 0> testsfailed=0 testscollected=0>]
DEBUG:pytest:<bound method Session.pytest_collectstart of <Session pytest exitstatus=<ExitCode.OK: 0> testsfailed=0 testscollected=0>> - []
DEBUG:pytest:<function pytest_make_collect_report at 0x04415978> - [<Session pytest exitstatus=<ExitCode.OK: 0> testsfailed=0 testscollected=0>]
DEBUG:pytest:<bound method LFPlugin.pytest_ignore_collect of <_pytest.cacheprovider.LFPlugin object at 0x045266B0>> - [local('D:\\temp\\pytest\\mytest\\test_01.py')]
DEBUG:pytest:<function pytest_ignore_collect at 0x04417270> - [local('D:\\temp\\pytest\\mytest\\test_01.py'), <_pytest.config.Config object at 0x043DA070>]
DEBUG:pytest:<function pytest_collect_file at 0x0449A9C0> - [local('D:\\temp\\pytest\\mytest\\test_01.py'), <Session pytest exitstatus=<ExitCode.OK: 0> testsfailed=0 testscollected=0>]
DEBUG:pytest:<function pytest_collect_file at 0x04421540> - [local('D:\\temp\\pytest\\mytest\\test_01.py'), <Session pytest exitstatus=<ExitCode.OK: 0> testsfailed=0 testscollected=0>]
DEBUG:pytest:<function pytest_pycollect_makemodule at 0x04421618> - [local('D:\\temp\\pytest\\mytest\\test_01.py'), <Session pytest exitstatus=<ExitCode.OK: 0> testsfailed=0 testscollected=0>]
DEBUG:pytest:<bound method Session.pytest_runtest_logreport of <Session pytest exitstatus=<ExitCode.OK: 0> testsfailed=0 testscollected=0>> - [<CollectReport '' lenresult=1 outcome='passed'>]
DEBUG:pytest:<bound method TerminalReporter.pytest_collectreport of <_pytest.terminal.TerminalReporter object at 0x045263B0>> - [<CollectReport '' lenresult=1 outcome='passed'>]
DEBUG:pytest:<bound method LFPlugin.pytest_collectreport of <_pytest.cacheprovider.LFPlugin object at 0x045266B0>> - [<CollectReport '' lenresult=1 outcome='passed'>]
DEBUG:pytest:<bound method Session.pytest_collectstart of <Session pytest exitstatus=<ExitCode.OK: 0> testsfailed=0 testscollected=0>> - []
DEBUG:pytest:<function pytest_make_collect_report at 0x04415978> - [<Module mytest/test_01.py>]
DEBUG:pytest:<function pytest_pycollect_makeitem at 0x04457270> - [<Module mytest/test_01.py>, '__name__', 'test_01']
DEBUG:pytest:<function pytest_pycollect_makeitem at 0x04457270> - [<Module mytest/test_01.py>, '__doc__', None]
DEBUG:pytest:<function pytest_pycollect_makeitem at 0x04457270> - [<Module mytest/test_01.py>, '__package__', '']
DEBUG:pytest:<function pytest_pycollect_makeitem at 0x04457270> - [<Module mytest/test_01.py>, '__loader__', <_pytest.assertion.rewrite.AssertionRewritingHook object at 0x0451EF70>]
DEBUG:pytest:<function pytest_pycollect_makeitem at 0x04457270> - [<Module mytest/test_01.py>, '__spec__', ModuleSpec(name='test_01', loader=<_pytest.assertion.rewrite.AssertionRewritingHook object at 0x0451EF70>, origin='D:\\temp\\pytest\\mytest\\test_01.py')]
DEBUG:pytest:<function pytest_pycollect_makeitem at 0x04457270> - [<Module mytest/test_01.py>, '__file__', 'D:\\temp\\pytest\\mytest\\test_01.py']
DEBUG:pytest:<function pytest_pycollect_makeitem at 0x04457270> - [<Module mytest/test_01.py>, '__cached__', 'D:\\temp\\pytest\\mytest\\__pycache__\\test_01.cpython-37.pyc']
DEBUG:pytest:<function pytest_pycollect_makeitem at 0x04457270> - [<Module mytest/test_01.py>, '__builtins__', {'__name__': 'builtins', '__doc__': "Built-in functions, exceptions, and other objects.\n\nNoteworthy: None is the `nil' object; Ellipsis represents `...' in slices.", '__package__': '', '__loader__': <class '_frozen_importlib.BuiltinImporter'>, '__spec__': ModuleSpec(name='builtins', loader=<class '_frozen_importlib.BuiltinImporter'>), '__build_class__': <built-in function __build_class__>, '__import__': <built-in function __import__>, 'abs': <built-in function abs>, 'all': <built-in function all>, 'any': <built-in function any>, 'ascii': <built-in function ascii>, 'bin': <built-in function bin>, 'breakpoint': <built-in function breakpoint>, 'callable': <built-in function callable>, 'chr': <built-in function chr>, 'compile': <built-in function compile>, 'delattr': <built-in function delattr>, 'dir': <built-in function dir>, 'divmod': <built-in function divmod>, 'eval': <built-in function eval>, 'exec': <built-in function exec>, 'format': <built-in function format>, 'getattr': <built-in function getattr>, 'globals': <built-in function globals>, 'hasattr': <built-in function hasattr>, 'hash': <built-in function hash>, 'hex': <built-in function hex>, 'id': <built-in function id>, 'input': <built-in function input>, 'isinstance': <built-in function isinstance>, 'issubclass': <built-in function issubclass>, 'iter': <built-in function iter>, 'len': <built-in function len>, 'locals': <built-in function locals>, 'max': <built-in function max>, 'min': <built-in function min>, 'next': <built-in function next>, 'oct': <built-in function oct>, 'ord': <built-in function ord>, 'pow': <built-in function pow>, 'print': <built-in function print>, 'repr': <built-in function repr>, 'round': <built-in function round>, 'setattr': <built-in function setattr>, 'sorted': <built-in function sorted>, 'sum': <built-in function sum>, 'vars': <built-in function vars>, 'None': None, 'Ellipsis': Ellipsis, 'NotImplemented': NotImplemented, 'False': False, 'True': True, 'bool': <class 'bool'>, 'memoryview': <class 'memoryview'>, 'bytearray': <class 'bytearray'>, 'bytes': <class 'bytes'>, 'classmethod': <class 'classmethod'>, 'complex': <class 'complex'>, 'dict': <class 'dict'>, 'enumerate': <class 'enumerate'>, 'filter': <class 'filter'>, 'float': <class 'float'>, 'frozenset': <class 'frozenset'>, 'property': <class 'property'>, 'int': <class 'int'>, 'list': <class 'list'>, 'map': <class 'map'>, 'object': <class 'object'>, 'range': <class 'range'>, 'reversed': <class 'reversed'>, 'set': <class 'set'>, 'slice': <class 'slice'>, 'staticmethod': <class 'staticmethod'>, 'str': <class 'str'>, 'super': <class 'super'>, 'tuple': <class 'tuple'>, 'type': <class 'type'>, 'zip': <class 'zip'>, '__debug__': True, 'BaseException': <class 'BaseException'>, 'Exception': <class 'Exception'>, 'TypeError': <class 'TypeError'>, 'StopAsyncIteration': <class 'StopAsyncIteration'>, 'StopIteration': <class 'StopIteration'>, 'GeneratorExit': <class 'GeneratorExit'>, 'SystemExit': <class 'SystemExit'>, 'KeyboardInterrupt': <class 'KeyboardInterrupt'>, 'ImportError': <class 'ImportError'>, 'ModuleNotFoundError': <class 'ModuleNotFoundError'>, 'OSError': <class 'OSError'>, 'EnvironmentError': <class 'OSError'>, 'IOError': <class 'OSError'>, 'WindowsError': <class 'OSError'>, 'EOFError': <class 'EOFError'>, 'RuntimeError': <class 'RuntimeError'>, 'RecursionError': <class 'RecursionError'>, 'NotImplementedError': <class 'NotImplementedError'>, 'NameError': <class 'NameError'>, 'UnboundLocalError': <class 'UnboundLocalError'>, 'AttributeError': <class 'AttributeError'>, 'SyntaxError': <class 'SyntaxError'>, 'IndentationError': <class 'IndentationError'>, 'TabError': <class 'TabError'>, 'LookupError': <class 'LookupError'>, 'IndexError': <class 'IndexError'>, 'KeyError': <class 'KeyError'>, 'ValueError': <class 'ValueError'>, 'UnicodeError': <class 'UnicodeError'>, 'UnicodeEncodeError': <class 'UnicodeEncodeError'>, 'UnicodeDecodeError': <class 'UnicodeDecodeError'>, 'UnicodeTranslateError': <class 'UnicodeTranslateError'>, 'AssertionError': <class 'AssertionError'>, 'ArithmeticError': <class 'ArithmeticError'>, 'FloatingPointError': <class 'FloatingPointError'>, 'OverflowError': <class 'OverflowError'>, 'ZeroDivisionError': <class 'ZeroDivisionError'>, 'SystemError': <class 'SystemError'>, 'ReferenceError': <class 'ReferenceError'>, 'MemoryError': <class 'MemoryError'>, 'BufferError': <class 'BufferError'>, 'Warning': <class 'Warning'>, 'UserWarning': <class 'UserWarning'>, 'DeprecationWarning': <class 'DeprecationWarning'>, 'PendingDeprecationWarning': <class 'PendingDeprecationWarning'>, 'SyntaxWarning': <class 'SyntaxWarning'>, 'RuntimeWarning': <class 'RuntimeWarning'>, 'FutureWarning': <class 'FutureWarning'>, 'ImportWarning': <class 'ImportWarning'>, 'UnicodeWarning': <class 'UnicodeWarning'>, 'BytesWarning': <class 'BytesWarning'>, 'ResourceWarning': <class 'ResourceWarning'>, 'ConnectionError': <class 'ConnectionError'>, 'BlockingIOError': <class 'BlockingIOError'>, 'BrokenPipeError': <class 'BrokenPipeError'>, 'ChildProcessError': <class 'ChildProcessError'>, 'ConnectionAbortedError': <class 'ConnectionAbortedError'>, 'ConnectionRefusedError': <class 'ConnectionRefusedError'>, 'ConnectionResetError': <class 'ConnectionResetError'>, 'FileExistsError': <class 'FileExistsError'>, 'FileNotFoundError': <class 'FileNotFoundError'>, 'IsADirectoryError': <class 'IsADirectoryError'>, 'NotADirectoryError': <class 'NotADirectoryError'>, 'InterruptedError': <class 'InterruptedError'>, 'PermissionError': <class 'PermissionError'>, 'ProcessLookupError': <class 'ProcessLookupError'>, 'TimeoutError': <class 'TimeoutError'>, 'open': <built-in function open>, 'quit': Use quit() or Ctrl-Z plus Return to exit, 'exit': Use exit() or Ctrl-Z plus Return to exit, 'copyright': Copyright (c) 2001-2019 Python Software Foundation.
All Rights Reserved.

Copyright (c) 2000 BeOpen.com.
All Rights Reserved.

Copyright (c) 1995-2001 Corporation for National Research Initiatives.
All Rights Reserved.

Copyright (c) 1991-1995 Stichting Mathematisch Centrum, Amsterdam.
All Rights Reserved., 'credits':     Thanks to CWI, CNRI, BeOpen.com, Zope Corporation and a cast of thousands
    for supporting Python development.  See www.python.org for more information., 'license': Type license() to see the full license text, 'help': Type help() for interactive help, or help(object) for help about object.}]
DEBUG:pytest:<function pytest_pycollect_makeitem at 0x04457270> - [<Module mytest/test_01.py>, '@py_builtins', <module 'builtins' (built-in)>]
DEBUG:pytest:<function pytest_pycollect_makeitem at 0x04457270> - [<Module mytest/test_01.py>, '@pytest_ar', <module '_pytest.assertion.rewrite' from 'c:\\program files (x86)\\python37-32\\lib\\site-packages\\_pytest\\assertion\\rewrite.py'>]
DEBUG:pytest:<function pytest_pycollect_makeitem at 0x04457270> - [<Module mytest/test_01.py>, 'pytest', <module 'pytest' from 'c:\\program files (x86)\\python37-32\\lib\\site-packages\\pytest.py'>]
DEBUG:pytest:<function pytest_pycollect_makeitem at 0x04457270> - [<Module mytest/test_01.py>, 'test_case_1', <function test_case_1 at 0x044D3ED0>]
DEBUG:pytest:<bound method FixtureManager.pytest_generate_tests of <_pytest.fixtures.FixtureManager object at 0x0451E9B0>> - [<_pytest.python.Metafunc object at 0x03D50310>]
DEBUG:pytest:<function pytest_generate_tests at 0x044214B0> - [<_pytest.python.Metafunc object at 0x03D50310>]
DEBUG:pytest:<function pytest_pycollect_makeitem at 0x04457270> - [<Module mytest/test_01.py>, 'test_case_2', <function test_case_2 at 0x04558468>]
DEBUG:pytest:<bound method FixtureManager.pytest_generate_tests of <_pytest.fixtures.FixtureManager object at 0x0451E9B0>> - [<_pytest.python.Metafunc object at 0x03FB8130>]
DEBUG:pytest:<function pytest_generate_tests at 0x044214B0> - [<_pytest.python.Metafunc object at 0x03FB8130>]
DEBUG:pytest:<function pytest_pycollect_makeitem at 0x04457270> - [<Module mytest/test_01.py>, 'test_case_3', <function test_case_3 at 0x045583D8>]
DEBUG:pytest:<bound method FixtureManager.pytest_generate_tests of <_pytest.fixtures.FixtureManager object at 0x0451E9B0>> - [<_pytest.python.Metafunc object at 0x0458F4F0>]
DEBUG:pytest:<function pytest_generate_tests at 0x044214B0> - [<_pytest.python.Metafunc object at 0x0458F4F0>]
DEBUG:pytest:<function pytest_pycollect_makeitem at 0x04457270> - [<Module mytest/test_01.py>, 'test_case_4', <function test_case_4 at 0x04558420>]
DEBUG:pytest:<bound method FixtureManager.pytest_generate_tests of <_pytest.fixtures.FixtureManager object at 0x0451E9B0>> - [<_pytest.python.Metafunc object at 0x0458FAF0>]
DEBUG:pytest:<function pytest_generate_tests at 0x044214B0> - [<_pytest.python.Metafunc object at 0x0458FAF0>]
DEBUG:pytest:<function pytest_pycollect_makeitem at 0x04457270> - [<Module mytest/test_01.py>, '__repr__', <slot wrapper '__repr__' of 'module' objects>]
DEBUG:pytest:<function pytest_pycollect_makeitem at 0x04457270> - [<Module mytest/test_01.py>, '__getattribute__', <slot wrapper '__getattribute__' of 'module' objects>]
DEBUG:pytest:<function pytest_pycollect_makeitem at 0x04457270> - [<Module mytest/test_01.py>, '__setattr__', <slot wrapper '__setattr__' of 'module' objects>]
DEBUG:pytest:<function pytest_pycollect_makeitem at 0x04457270> - [<Module mytest/test_01.py>, '__delattr__', <slot wrapper '__delattr__' of 'module' objects>]
DEBUG:pytest:<function pytest_pycollect_makeitem at 0x04457270> - [<Module mytest/test_01.py>, '__init__', <slot wrapper '__init__' of 'module' objects>]
DEBUG:pytest:<function pytest_pycollect_makeitem at 0x04457270> - [<Module mytest/test_01.py>, '__new__', <built-in method __new__ of type object at 0x5AADEB48>]
DEBUG:pytest:<function pytest_pycollect_makeitem at 0x04457270> - [<Module mytest/test_01.py>, '__dir__', <method '__dir__' of 'module' objects>]
DEBUG:pytest:<function pytest_pycollect_makeitem at 0x04457270> - [<Module mytest/test_01.py>, '__dict__', <member '__dict__' of 'module' objects>]
DEBUG:pytest:<function pytest_pycollect_makeitem at 0x04457270> - [<Module mytest/test_01.py>, '__hash__', <slot wrapper '__hash__' of 'object' objects>]
DEBUG:pytest:<function pytest_pycollect_makeitem at 0x04457270> - [<Module mytest/test_01.py>, '__str__', <slot wrapper '__str__' of 'object' objects>]
DEBUG:pytest:<function pytest_pycollect_makeitem at 0x04457270> - [<Module mytest/test_01.py>, '__lt__', <slot wrapper '__lt__' of 'object' objects>]
DEBUG:pytest:<function pytest_pycollect_makeitem at 0x04457270> - [<Module mytest/test_01.py>, '__le__', <slot wrapper '__le__' of 'object' objects>]
DEBUG:pytest:<function pytest_pycollect_makeitem at 0x04457270> - [<Module mytest/test_01.py>, '__eq__', <slot wrapper '__eq__' of 'object' objects>]
DEBUG:pytest:<function pytest_pycollect_makeitem at 0x04457270> - [<Module mytest/test_01.py>, '__ne__', <slot wrapper '__ne__' of 'object' objects>]
DEBUG:pytest:<function pytest_pycollect_makeitem at 0x04457270> - [<Module mytest/test_01.py>, '__gt__', <slot wrapper '__gt__' of 'object' objects>]
DEBUG:pytest:<function pytest_pycollect_makeitem at 0x04457270> - [<Module mytest/test_01.py>, '__ge__', <slot wrapper '__ge__' of 'object' objects>]
DEBUG:pytest:<function pytest_pycollect_makeitem at 0x04457270> - [<Module mytest/test_01.py>, '__reduce_ex__', <method '__reduce_ex__' of 'object' objects>]
DEBUG:pytest:<function pytest_pycollect_makeitem at 0x04457270> - [<Module mytest/test_01.py>, '__reduce__', <method '__reduce__' of 'object' objects>]
DEBUG:pytest:<function pytest_pycollect_makeitem at 0x04457270> - [<Module mytest/test_01.py>, '__subclasshook__', <method '__subclasshook__' of 'object' objects>]
DEBUG:pytest:<function pytest_pycollect_makeitem at 0x04457270> - [<Module mytest/test_01.py>, '__init_subclass__', <method '__init_subclass__' of 'object' objects>]
DEBUG:pytest:<function pytest_pycollect_makeitem at 0x04457270> - [<Module mytest/test_01.py>, '__format__', <method '__format__' of 'object' objects>]
DEBUG:pytest:<function pytest_pycollect_makeitem at 0x04457270> - [<Module mytest/test_01.py>, '__sizeof__', <method '__sizeof__' of 'object' objects>]
DEBUG:pytest:<function pytest_pycollect_makeitem at 0x04457270> - [<Module mytest/test_01.py>, '__class__', <attribute '__class__' of 'object' objects>]
DEBUG:pytest:<bound method Session.pytest_runtest_logreport of <Session pytest exitstatus=<ExitCode.OK: 0> testsfailed=0 testscollected=0>> - [<CollectReport 'mytest/test_01.py' lenresult=4 outcome='passed'>]
DEBUG:pytest:<bound method TerminalReporter.pytest_collectreport of <_pytest.terminal.TerminalReporter object at 0x045263B0>> - [<CollectReport 'mytest/test_01.py' lenresult=4 outcome='passed'>]
DEBUG:pytest:<bound method LFPlugin.pytest_collectreport of <_pytest.cacheprovider.LFPlugin object at 0x045266B0>> - [<CollectReport 'mytest/test_01.py' lenresult=4 outcome='passed'>]
DEBUG:pytest:<bound method FixtureManager.pytest_collection_modifyitems of <_pytest.fixtures.FixtureManager object at 0x0451E9B0>> - [[<Function test_case_1>, <Function test_case_2>, <Function test_case_3>, <Function test_case_4>]]
DEBUG:pytest:<bound method StepwisePlugin.pytest_collection_modifyitems of <_pytest.stepwise.StepwisePlugin object at 0x045261F0>> - [<Session pytest exitstatus=<ExitCode.OK: 0> testsfailed=0 testscollected=0>, <_pytest.config.Config object at 0x043DA070>, [<Function test_case_1>, <Function test_case_2>, <Function test_case_3>, <Function test_case_4>]]
DEBUG:pytest:<bound method NFPlugin.pytest_collection_modifyitems of <_pytest.cacheprovider.NFPlugin object at 0x04526490>> - [<Session pytest exitstatus=<ExitCode.OK: 0> testsfailed=0 testscollected=0>, <_pytest.config.Config object at 0x043DA070>, [<Function test_case_1>, <Function test_case_2>, <Function test_case_3>, <Function test_case_4>]]
DEBUG:pytest:<bound method LFPlugin.pytest_collection_modifyitems of <_pytest.cacheprovider.LFPlugin object at 0x045266B0>> - [<Session pytest exitstatus=<ExitCode.OK: 0> testsfailed=0 testscollected=0>, <_pytest.config.Config object at 0x043DA070>, [<Function test_case_1>, <Function test_case_2>, <Function test_case_3>, <Function test_case_4>]]
DEBUG:pytest:<function pytest_collection_modifyitems at 0x044172B8> - [[<Function test_case_1>, <Function test_case_2>, <Function test_case_3>, <Function test_case_4>], <_pytest.config.Config object at 0x043DA070>]
DEBUG:pytest:<function pytest_collection_modifyitems at 0x043FB300> - [[<Function test_case_1>, <Function test_case_2>, <Function test_case_3>, <Function test_case_4>], <_pytest.config.Config object at 0x043DA070>]
DEBUG:pytest:<bound method TerminalReporter.pytest_collection_finish of <_pytest.terminal.TerminalReporter object at 0x045263B0>> - [<Session pytest exitstatus=<ExitCode.OK: 0> testsfailed=0 testscollected=0>]
DEBUG:pytest:<bound method StepwisePlugin.pytest_report_collectionfinish of <_pytest.stepwise.StepwisePlugin object at 0x045261F0>> - []
DEBUG:pytest:<bound method LFPlugin.pytest_report_collectionfinish of <_pytest.cacheprovider.LFPlugin object at 0x045266B0>> - []
DEBUG:pytest:<function pytest_runtestloop at 0x044171E0> - [<Session pytest exitstatus=<ExitCode.OK: 0> testsfailed=0 testscollected=4>]
DEBUG:pytest:<function pytest_runtest_protocol at 0x044154B0> - [<Function test_case_1>, <Function test_case_2>]
DEBUG:pytest:<bound method TerminalReporter.pytest_runtest_logstart of <_pytest.terminal.TerminalReporter object at 0x045263B0>> - ['mytest/test_01.py::test_case_1', ('mytest\\test_01.py', 2, 'test_case_1')]
DEBUG:pytest:<function pytest_runtest_setup at 0x04472030> - [<Function test_case_1>]
DEBUG:pytest:<function pytest_runtest_setup at 0x03FC3BB8> - [<Function test_case_1>]
DEBUG:pytest:<function pytest_runtest_setup at 0x04415588> - [<Function test_case_1>]
DEBUG:pytest:<function pytest_fixture_setup at 0x044B6F60> - [<FixtureDef argname='sess_ft_4' scope='session' baseid=''>, <SubRequest 'sess_ft_4' for <Function test_case_1>>]
DEBUG:pytest:<function pytest_fixture_setup at 0x04401660> - [<FixtureDef argname='sess_ft_4' scope='session' baseid=''>, <SubRequest 'sess_ft_4' for <Function test_case_1>>]
DEBUG:pytest:<function pytest_fixture_setup at 0x044B6F60> - [<FixtureDef argname='sess_ft_1' scope='session' baseid=''>, <SubRequest 'sess_ft_1' for <Function test_case_1>>]
DEBUG:pytest:<function pytest_fixture_setup at 0x04401660> - [<FixtureDef argname='sess_ft_1' scope='session' baseid=''>, <SubRequest 'sess_ft_1' for <Function test_case_1>>]
DEBUG:pytest:<function pytest_fixture_setup at 0x044B6F60> - [<FixtureDef argname='sess_ft_3' scope='session' baseid=''>, <SubRequest 'sess_ft_3' for <Function test_case_1>>]
DEBUG:pytest:<function pytest_fixture_setup at 0x04401660> - [<FixtureDef argname='sess_ft_3' scope='session' baseid=''>, <SubRequest 'sess_ft_3' for <Function test_case_1>>]
DEBUG:pytest:<function pytest_runtest_setup at 0x044826A8> - [<Function test_case_1>]
DEBUG:pytest:<function pytest_runtest_makereport at 0x044577C8> - [<Function test_case_1>, <CallInfo when='setup' result: []>]
DEBUG:pytest:<function pytest_runtest_makereport at 0x044157C8> - [<Function test_case_1>, <CallInfo when='setup' result: []>]
DEBUG:pytest:<bound method Session.pytest_runtest_logreport of <Session pytest exitstatus=<ExitCode.OK: 0> testsfailed=0 testscollected=4>> - [<TestReport 'mytest/test_01.py::test_case_1' when='setup' outcome='passed'>]
DEBUG:pytest:<bound method TerminalReporter.pytest_runtest_logreport of <_pytest.terminal.TerminalReporter object at 0x045263B0>> - [<TestReport 'mytest/test_01.py::test_case_1' when='setup' outcome='passed'>]
DEBUG:pytest:<function pytest_report_teststatus at 0x04472108> - [<TestReport 'mytest/test_01.py::test_case_1' when='setup' outcome='passed'>]
DEBUG:pytest:<function pytest_report_teststatus at 0x044156A8> - [<TestReport 'mytest/test_01.py::test_case_1' when='setup' outcome='passed'>]
DEBUG:pytest:<bound method StepwisePlugin.pytest_runtest_logreport of <_pytest.stepwise.StepwisePlugin object at 0x045261F0>> - [<TestReport 'mytest/test_01.py::test_case_1' when='setup' outcome='passed'>]
DEBUG:pytest:<bound method LFPlugin.pytest_runtest_logreport of <_pytest.cacheprovider.LFPlugin object at 0x045266B0>> - [<TestReport 'mytest/test_01.py::test_case_1' when='setup' outcome='passed'>]
DEBUG:pytest:<function pytest_runtest_call at 0x044155D0> - [<Function test_case_1>]
DEBUG:pytest:<function pytest_pyfunc_call at 0x04519C00> - [<Function test_case_1>]
DEBUG:pytest:<function pytest_pyfunc_call at 0x04421588> - [<Function test_case_1>]
DEBUG:pytest:<function pytest_runtest_makereport at 0x044577C8> - [<Function test_case_1>, <CallInfo when='call' exception: >]
DEBUG:pytest:<function pytest_runtest_makereport at 0x044157C8> - [<Function test_case_1>, <CallInfo when='call' exception: >]
DEBUG:pytest:<bound method Session.pytest_runtest_logreport of <Session pytest exitstatus=<ExitCode.OK: 0> testsfailed=0 testscollected=4>> - [<TestReport 'mytest/test_01.py::test_case_1' when='call' outcome='failed'>]
DEBUG:pytest:<bound method TerminalReporter.pytest_runtest_logreport of <_pytest.terminal.TerminalReporter object at 0x045263B0>> - [<TestReport 'mytest/test_01.py::test_case_1' when='call' outcome='failed'>]
DEBUG:pytest:<function pytest_report_teststatus at 0x04472108> - [<TestReport 'mytest/test_01.py::test_case_1' when='call' outcome='failed'>]
DEBUG:pytest:<function pytest_report_teststatus at 0x044156A8> - [<TestReport 'mytest/test_01.py::test_case_1' when='call' outcome='failed'>]
DEBUG:pytest:<function pytest_report_teststatus at 0x04447BB8> - [<TestReport 'mytest/test_01.py::test_case_1' when='call' outcome='failed'>]
DEBUG:pytest:<bound method StepwisePlugin.pytest_runtest_logreport of <_pytest.stepwise.StepwisePlugin object at 0x045261F0>> - [<TestReport 'mytest/test_01.py::test_case_1' when='call' outcome='failed'>]
DEBUG:pytest:<bound method LFPlugin.pytest_runtest_logreport of <_pytest.cacheprovider.LFPlugin object at 0x045266B0>> - [<TestReport 'mytest/test_01.py::test_case_1' when='call' outcome='failed'>]
DEBUG:pytest:<function pytest_exception_interact at 0x044CEFA8> - []
DEBUG:pytest:<function pytest_runtest_teardown at 0x03FC3B70> - [<Function test_case_1>]
DEBUG:pytest:<function pytest_runtest_teardown at 0x04415618> - [<Function test_case_1>, <Function test_case_2>]
DEBUG:pytest:<function pytest_runtest_makereport at 0x044577C8> - [<Function test_case_1>, <CallInfo when='teardown' result: []>]
DEBUG:pytest:<function pytest_runtest_makereport at 0x044157C8> - [<Function test_case_1>, <CallInfo when='teardown' result: []>]
DEBUG:pytest:<bound method Session.pytest_runtest_logreport of <Session pytest exitstatus=<ExitCode.OK: 0> testsfailed=1 testscollected=4>> - [<TestReport 'mytest/test_01.py::test_case_1' when='teardown' outcome='passed'>]
DEBUG:pytest:<bound method TerminalReporter.pytest_runtest_logreport of <_pytest.terminal.TerminalReporter object at 0x045263B0>> - [<TestReport 'mytest/test_01.py::test_case_1' when='teardown' outcome='passed'>]
DEBUG:pytest:<function pytest_report_teststatus at 0x04472108> - [<TestReport 'mytest/test_01.py::test_case_1' when='teardown' outcome='passed'>]
DEBUG:pytest:<function pytest_report_teststatus at 0x044156A8> - [<TestReport 'mytest/test_01.py::test_case_1' when='teardown' outcome='passed'>]
DEBUG:pytest:<bound method StepwisePlugin.pytest_runtest_logreport of <_pytest.stepwise.StepwisePlugin object at 0x045261F0>> - [<TestReport 'mytest/test_01.py::test_case_1' when='teardown' outcome='passed'>]
DEBUG:pytest:<bound method LFPlugin.pytest_runtest_logreport of <_pytest.cacheprovider.LFPlugin object at 0x045266B0>> - [<TestReport 'mytest/test_01.py::test_case_1' when='teardown' outcome='passed'>]
DEBUG:pytest:<bound method TerminalReporter.pytest_runtest_logfinish of <_pytest.terminal.TerminalReporter object at 0x045263B0>> - ['mytest/test_01.py::test_case_1']
DEBUG:pytest:<function pytest_runtest_protocol at 0x044154B0> - [<Function test_case_2>, <Function test_case_3>]
DEBUG:pytest:<bound method TerminalReporter.pytest_runtest_logstart of <_pytest.terminal.TerminalReporter object at 0x045263B0>> - ['mytest/test_01.py::test_case_2', ('mytest\\test_01.py', 6, 'test_case_2')]
DEBUG:pytest:<function pytest_runtest_setup at 0x04472030> - [<Function test_case_2>]
DEBUG:pytest:<function pytest_runtest_setup at 0x03FC3BB8> - [<Function test_case_2>]
DEBUG:pytest:<function pytest_runtest_setup at 0x04415588> - [<Function test_case_2>]
DEBUG:pytest:<function pytest_runtest_setup at 0x044826A8> - [<Function test_case_2>]
DEBUG:pytest:<function pytest_runtest_makereport at 0x044577C8> - [<Function test_case_2>, <CallInfo when='setup' result: []>]
DEBUG:pytest:<function pytest_runtest_makereport at 0x044157C8> - [<Function test_case_2>, <CallInfo when='setup' result: []>]
DEBUG:pytest:<bound method Session.pytest_runtest_logreport of <Session pytest exitstatus=<ExitCode.OK: 0> testsfailed=1 testscollected=4>> - [<TestReport 'mytest/test_01.py::test_case_2' when='setup' outcome='passed'>]
DEBUG:pytest:<bound method TerminalReporter.pytest_runtest_logreport of <_pytest.terminal.TerminalReporter object at 0x045263B0>> - [<TestReport 'mytest/test_01.py::test_case_2' when='setup' outcome='passed'>]
DEBUG:pytest:<function pytest_report_teststatus at 0x04472108> - [<TestReport 'mytest/test_01.py::test_case_2' when='setup' outcome='passed'>]
DEBUG:pytest:<function pytest_report_teststatus at 0x044156A8> - [<TestReport 'mytest/test_01.py::test_case_2' when='setup' outcome='passed'>]
DEBUG:pytest:<bound method StepwisePlugin.pytest_runtest_logreport of <_pytest.stepwise.StepwisePlugin object at 0x045261F0>> - [<TestReport 'mytest/test_01.py::test_case_2' when='setup' outcome='passed'>]
DEBUG:pytest:<bound method LFPlugin.pytest_runtest_logreport of <_pytest.cacheprovider.LFPlugin object at 0x045266B0>> - [<TestReport 'mytest/test_01.py::test_case_2' when='setup' outcome='passed'>]
DEBUG:pytest:<function pytest_runtest_call at 0x044155D0> - [<Function test_case_2>]
DEBUG:pytest:<function pytest_pyfunc_call at 0x04519C00> - [<Function test_case_2>]
DEBUG:pytest:<function pytest_pyfunc_call at 0x04421588> - [<Function test_case_2>]
DEBUG:pytest:<function pytest_runtest_makereport at 0x044577C8> - [<Function test_case_2>, <CallInfo when='call' result: []>]
DEBUG:pytest:<function pytest_runtest_makereport at 0x044157C8> - [<Function test_case_2>, <CallInfo when='call' result: []>]
DEBUG:pytest:<bound method Session.pytest_runtest_logreport of <Session pytest exitstatus=<ExitCode.OK: 0> testsfailed=1 testscollected=4>> - [<TestReport 'mytest/test_01.py::test_case_2' when='call' outcome='passed'>]
DEBUG:pytest:<bound method TerminalReporter.pytest_runtest_logreport of <_pytest.terminal.TerminalReporter object at 0x045263B0>> - [<TestReport 'mytest/test_01.py::test_case_2' when='call' outcome='passed'>]
DEBUG:pytest:<function pytest_report_teststatus at 0x04472108> - [<TestReport 'mytest/test_01.py::test_case_2' when='call' outcome='passed'>]
DEBUG:pytest:<function pytest_report_teststatus at 0x044156A8> - [<TestReport 'mytest/test_01.py::test_case_2' when='call' outcome='passed'>]
DEBUG:pytest:<function pytest_report_teststatus at 0x04447BB8> - [<TestReport 'mytest/test_01.py::test_case_2' when='call' outcome='passed'>]
DEBUG:pytest:<bound method StepwisePlugin.pytest_runtest_logreport of <_pytest.stepwise.StepwisePlugin object at 0x045261F0>> - [<TestReport 'mytest/test_01.py::test_case_2' when='call' outcome='passed'>]
DEBUG:pytest:<bound method LFPlugin.pytest_runtest_logreport of <_pytest.cacheprovider.LFPlugin object at 0x045266B0>> - [<TestReport 'mytest/test_01.py::test_case_2' when='call' outcome='passed'>]
DEBUG:pytest:<function pytest_runtest_teardown at 0x03FC3B70> - [<Function test_case_2>]
DEBUG:pytest:<function pytest_runtest_teardown at 0x04415618> - [<Function test_case_2>, <Function test_case_3>]
DEBUG:pytest:<function pytest_runtest_makereport at 0x044577C8> - [<Function test_case_2>, <CallInfo when='teardown' result: []>]
DEBUG:pytest:<function pytest_runtest_makereport at 0x044157C8> - [<Function test_case_2>, <CallInfo when='teardown' result: []>]
DEBUG:pytest:<bound method Session.pytest_runtest_logreport of <Session pytest exitstatus=<ExitCode.OK: 0> testsfailed=1 testscollected=4>> - [<TestReport 'mytest/test_01.py::test_case_2' when='teardown' outcome='passed'>]
DEBUG:pytest:<bound method TerminalReporter.pytest_runtest_logreport of <_pytest.terminal.TerminalReporter object at 0x045263B0>> - [<TestReport 'mytest/test_01.py::test_case_2' when='teardown' outcome='passed'>]
DEBUG:pytest:<function pytest_report_teststatus at 0x04472108> - [<TestReport 'mytest/test_01.py::test_case_2' when='teardown' outcome='passed'>]
DEBUG:pytest:<function pytest_report_teststatus at 0x044156A8> - [<TestReport 'mytest/test_01.py::test_case_2' when='teardown' outcome='passed'>]
DEBUG:pytest:<bound method StepwisePlugin.pytest_runtest_logreport of <_pytest.stepwise.StepwisePlugin object at 0x045261F0>> - [<TestReport 'mytest/test_01.py::test_case_2' when='teardown' outcome='passed'>]
DEBUG:pytest:<bound method LFPlugin.pytest_runtest_logreport of <_pytest.cacheprovider.LFPlugin object at 0x045266B0>> - [<TestReport 'mytest/test_01.py::test_case_2' when='teardown' outcome='passed'>]
DEBUG:pytest:<bound method TerminalReporter.pytest_runtest_logfinish of <_pytest.terminal.TerminalReporter object at 0x045263B0>> - ['mytest/test_01.py::test_case_2']
DEBUG:pytest:<function pytest_runtest_protocol at 0x044154B0> - [<Function test_case_3>, <Function test_case_4>]
DEBUG:pytest:<bound method TerminalReporter.pytest_runtest_logstart of <_pytest.terminal.TerminalReporter object at 0x045263B0>> - ['mytest/test_01.py::test_case_3', ('mytest\\test_01.py', 10, 'test_case_3')]
DEBUG:pytest:<function pytest_runtest_setup at 0x04472030> - [<Function test_case_3>]
DEBUG:pytest:<function pytest_runtest_setup at 0x03FC3BB8> - [<Function test_case_3>]
DEBUG:pytest:<function pytest_runtest_setup at 0x04415588> - [<Function test_case_3>]
DEBUG:pytest:<function pytest_fixture_setup at 0x044B6F60> - [<FixtureDef argname='sess_ft_2' scope='session' baseid=''>, <SubRequest 'sess_ft_2' for <Function test_case_3>>]
DEBUG:pytest:<function pytest_fixture_setup at 0x04401660> - [<FixtureDef argname='sess_ft_2' scope='session' baseid=''>, <SubRequest 'sess_ft_2' for <Function test_case_3>>]
DEBUG:pytest:<function pytest_runtest_setup at 0x044826A8> - [<Function test_case_3>]
DEBUG:pytest:<function pytest_runtest_makereport at 0x044577C8> - [<Function test_case_3>, <CallInfo when='setup' result: []>]
DEBUG:pytest:<function pytest_runtest_makereport at 0x044157C8> - [<Function test_case_3>, <CallInfo when='setup' result: []>]
DEBUG:pytest:<bound method Session.pytest_runtest_logreport of <Session pytest exitstatus=<ExitCode.OK: 0> testsfailed=1 testscollected=4>> - [<TestReport 'mytest/test_01.py::test_case_3' when='setup' outcome='passed'>]
DEBUG:pytest:<bound method TerminalReporter.pytest_runtest_logreport of <_pytest.terminal.TerminalReporter object at 0x045263B0>> - [<TestReport 'mytest/test_01.py::test_case_3' when='setup' outcome='passed'>]
DEBUG:pytest:<function pytest_report_teststatus at 0x04472108> - [<TestReport 'mytest/test_01.py::test_case_3' when='setup' outcome='passed'>]
DEBUG:pytest:<function pytest_report_teststatus at 0x044156A8> - [<TestReport 'mytest/test_01.py::test_case_3' when='setup' outcome='passed'>]
DEBUG:pytest:<bound method StepwisePlugin.pytest_runtest_logreport of <_pytest.stepwise.StepwisePlugin object at 0x045261F0>> - [<TestReport 'mytest/test_01.py::test_case_3' when='setup' outcome='passed'>]
DEBUG:pytest:<bound method LFPlugin.pytest_runtest_logreport of <_pytest.cacheprovider.LFPlugin object at 0x045266B0>> - [<TestReport 'mytest/test_01.py::test_case_3' when='setup' outcome='passed'>]
DEBUG:pytest:<function pytest_runtest_call at 0x044155D0> - [<Function test_case_3>]
DEBUG:pytest:<function pytest_pyfunc_call at 0x04519C00> - [<Function test_case_3>]
DEBUG:pytest:<function pytest_pyfunc_call at 0x04421588> - [<Function test_case_3>]
DEBUG:pytest:<function pytest_runtest_makereport at 0x044577C8> - [<Function test_case_3>, <CallInfo when='call' result: []>]
DEBUG:pytest:<function pytest_runtest_makereport at 0x044157C8> - [<Function test_case_3>, <CallInfo when='call' result: []>]
DEBUG:pytest:<bound method Session.pytest_runtest_logreport of <Session pytest exitstatus=<ExitCode.OK: 0> testsfailed=1 testscollected=4>> - [<TestReport 'mytest/test_01.py::test_case_3' when='call' outcome='passed'>]
DEBUG:pytest:<bound method TerminalReporter.pytest_runtest_logreport of <_pytest.terminal.TerminalReporter object at 0x045263B0>> - [<TestReport 'mytest/test_01.py::test_case_3' when='call' outcome='passed'>]
DEBUG:pytest:<function pytest_report_teststatus at 0x04472108> - [<TestReport 'mytest/test_01.py::test_case_3' when='call' outcome='passed'>]
DEBUG:pytest:<function pytest_report_teststatus at 0x044156A8> - [<TestReport 'mytest/test_01.py::test_case_3' when='call' outcome='passed'>]
DEBUG:pytest:<function pytest_report_teststatus at 0x04447BB8> - [<TestReport 'mytest/test_01.py::test_case_3' when='call' outcome='passed'>]
DEBUG:pytest:<bound method StepwisePlugin.pytest_runtest_logreport of <_pytest.stepwise.StepwisePlugin object at 0x045261F0>> - [<TestReport 'mytest/test_01.py::test_case_3' when='call' outcome='passed'>]
DEBUG:pytest:<bound method LFPlugin.pytest_runtest_logreport of <_pytest.cacheprovider.LFPlugin object at 0x045266B0>> - [<TestReport 'mytest/test_01.py::test_case_3' when='call' outcome='passed'>]
DEBUG:pytest:<function pytest_runtest_teardown at 0x03FC3B70> - [<Function test_case_3>]
DEBUG:pytest:<function pytest_runtest_teardown at 0x04415618> - [<Function test_case_3>, <Function test_case_4>]
DEBUG:pytest:<function pytest_runtest_makereport at 0x044577C8> - [<Function test_case_3>, <CallInfo when='teardown' result: []>]
DEBUG:pytest:<function pytest_runtest_makereport at 0x044157C8> - [<Function test_case_3>, <CallInfo when='teardown' result: []>]
DEBUG:pytest:<bound method Session.pytest_runtest_logreport of <Session pytest exitstatus=<ExitCode.OK: 0> testsfailed=1 testscollected=4>> - [<TestReport 'mytest/test_01.py::test_case_3' when='teardown' outcome='passed'>]
DEBUG:pytest:<bound method TerminalReporter.pytest_runtest_logreport of <_pytest.terminal.TerminalReporter object at 0x045263B0>> - [<TestReport 'mytest/test_01.py::test_case_3' when='teardown' outcome='passed'>]
DEBUG:pytest:<function pytest_report_teststatus at 0x04472108> - [<TestReport 'mytest/test_01.py::test_case_3' when='teardown' outcome='passed'>]
DEBUG:pytest:<function pytest_report_teststatus at 0x044156A8> - [<TestReport 'mytest/test_01.py::test_case_3' when='teardown' outcome='passed'>]
DEBUG:pytest:<bound method StepwisePlugin.pytest_runtest_logreport of <_pytest.stepwise.StepwisePlugin object at 0x045261F0>> - [<TestReport 'mytest/test_01.py::test_case_3' when='teardown' outcome='passed'>]
DEBUG:pytest:<bound method LFPlugin.pytest_runtest_logreport of <_pytest.cacheprovider.LFPlugin object at 0x045266B0>> - [<TestReport 'mytest/test_01.py::test_case_3' when='teardown' outcome='passed'>]
DEBUG:pytest:<bound method TerminalReporter.pytest_runtest_logfinish of <_pytest.terminal.TerminalReporter object at 0x045263B0>> - ['mytest/test_01.py::test_case_3']
DEBUG:pytest:<function pytest_runtest_protocol at 0x044154B0> - [<Function test_case_4>, None]
DEBUG:pytest:<bound method TerminalReporter.pytest_runtest_logstart of <_pytest.terminal.TerminalReporter object at 0x045263B0>> - ['mytest/test_01.py::test_case_4', ('mytest\\test_01.py', 14, 'test_case_4')]
DEBUG:pytest:<function pytest_runtest_setup at 0x04472030> - [<Function test_case_4>]
DEBUG:pytest:<function pytest_runtest_setup at 0x03FC3BB8> - [<Function test_case_4>]
DEBUG:pytest:<function pytest_runtest_setup at 0x04415588> - [<Function test_case_4>]
DEBUG:pytest:<function pytest_runtest_setup at 0x044826A8> - [<Function test_case_4>]
DEBUG:pytest:<function pytest_runtest_makereport at 0x044577C8> - [<Function test_case_4>, <CallInfo when='setup' result: []>]
DEBUG:pytest:<function pytest_runtest_makereport at 0x044157C8> - [<Function test_case_4>, <CallInfo when='setup' result: []>]
DEBUG:pytest:<bound method Session.pytest_runtest_logreport of <Session pytest exitstatus=<ExitCode.OK: 0> testsfailed=1 testscollected=4>> - [<TestReport 'mytest/test_01.py::test_case_4' when='setup' outcome='passed'>]
DEBUG:pytest:<bound method TerminalReporter.pytest_runtest_logreport of <_pytest.terminal.TerminalReporter object at 0x045263B0>> - [<TestReport 'mytest/test_01.py::test_case_4' when='setup' outcome='passed'>]
DEBUG:pytest:<function pytest_report_teststatus at 0x04472108> - [<TestReport 'mytest/test_01.py::test_case_4' when='setup' outcome='passed'>]
DEBUG:pytest:<function pytest_report_teststatus at 0x044156A8> - [<TestReport 'mytest/test_01.py::test_case_4' when='setup' outcome='passed'>]
DEBUG:pytest:<bound method StepwisePlugin.pytest_runtest_logreport of <_pytest.stepwise.StepwisePlugin object at 0x045261F0>> - [<TestReport 'mytest/test_01.py::test_case_4' when='setup' outcome='passed'>]
DEBUG:pytest:<bound method LFPlugin.pytest_runtest_logreport of <_pytest.cacheprovider.LFPlugin object at 0x045266B0>> - [<TestReport 'mytest/test_01.py::test_case_4' when='setup' outcome='passed'>]
DEBUG:pytest:<function pytest_runtest_call at 0x044155D0> - [<Function test_case_4>]
DEBUG:pytest:<function pytest_pyfunc_call at 0x04519C00> - [<Function test_case_4>]
DEBUG:pytest:<function pytest_pyfunc_call at 0x04421588> - [<Function test_case_4>]
DEBUG:pytest:<function pytest_runtest_makereport at 0x044577C8> - [<Function test_case_4>, <CallInfo when='call' result: []>]
DEBUG:pytest:<function pytest_runtest_makereport at 0x044157C8> - [<Function test_case_4>, <CallInfo when='call' result: []>]
DEBUG:pytest:<bound method Session.pytest_runtest_logreport of <Session pytest exitstatus=<ExitCode.OK: 0> testsfailed=1 testscollected=4>> - [<TestReport 'mytest/test_01.py::test_case_4' when='call' outcome='passed'>]
DEBUG:pytest:<bound method TerminalReporter.pytest_runtest_logreport of <_pytest.terminal.TerminalReporter object at 0x045263B0>> - [<TestReport 'mytest/test_01.py::test_case_4' when='call' outcome='passed'>]
DEBUG:pytest:<function pytest_report_teststatus at 0x04472108> - [<TestReport 'mytest/test_01.py::test_case_4' when='call' outcome='passed'>]
DEBUG:pytest:<function pytest_report_teststatus at 0x044156A8> - [<TestReport 'mytest/test_01.py::test_case_4' when='call' outcome='passed'>]
DEBUG:pytest:<function pytest_report_teststatus at 0x04447BB8> - [<TestReport 'mytest/test_01.py::test_case_4' when='call' outcome='passed'>]
DEBUG:pytest:<bound method StepwisePlugin.pytest_runtest_logreport of <_pytest.stepwise.StepwisePlugin object at 0x045261F0>> - [<TestReport 'mytest/test_01.py::test_case_4' when='call' outcome='passed'>]
DEBUG:pytest:<bound method LFPlugin.pytest_runtest_logreport of <_pytest.cacheprovider.LFPlugin object at 0x045266B0>> - [<TestReport 'mytest/test_01.py::test_case_4' when='call' outcome='passed'>]
DEBUG:pytest:<function pytest_runtest_teardown at 0x03FC3B70> - [<Function test_case_4>]
DEBUG:pytest:<function pytest_runtest_teardown at 0x04415618> - [<Function test_case_4>, None]
DEBUG:pytest:<function pytest_fixture_post_finalizer at 0x044B6D68> - [<FixtureDef argname='sess_ft_3' scope='session' baseid=''>]
DEBUG:pytest:<function pytest_fixture_post_finalizer at 0x044B6D68> - [<FixtureDef argname='sess_ft_2' scope='session' baseid=''>]
DEBUG:pytest:<function pytest_fixture_post_finalizer at 0x044B6D68> - [<FixtureDef argname='sess_ft_1' scope='session' baseid=''>]
DEBUG:pytest:<function pytest_fixture_post_finalizer at 0x044B6D68> - [<FixtureDef argname='sess_ft_1' scope='session' baseid=''>]
DEBUG:pytest:<function pytest_fixture_post_finalizer at 0x044B6D68> - [<FixtureDef argname='sess_ft_1' scope='session' baseid=''>]
DEBUG:pytest:<function pytest_fixture_post_finalizer at 0x044B6D68> - [<FixtureDef argname='sess_ft_1' scope='session' baseid=''>]
DEBUG:pytest:<function pytest_fixture_post_finalizer at 0x044B6D68> - [<FixtureDef argname='sess_ft_1' scope='session' baseid=''>]
DEBUG:pytest:<function pytest_fixture_post_finalizer at 0x044B6D68> - [<FixtureDef argname='sess_ft_4' scope='session' baseid=''>]
DEBUG:pytest:<function pytest_fixture_post_finalizer at 0x044B6D68> - [<FixtureDef argname='sess_ft_2' scope='session' baseid=''>]
DEBUG:pytest:<function pytest_fixture_post_finalizer at 0x044B6D68> - [<FixtureDef argname='sess_ft_3' scope='session' baseid=''>]
DEBUG:pytest:<function pytest_fixture_post_finalizer at 0x044B6D68> - [<FixtureDef argname='sess_ft_1' scope='session' baseid=''>]
DEBUG:pytest:<function pytest_fixture_post_finalizer at 0x044B6D68> - [<FixtureDef argname='sess_ft_4' scope='session' baseid=''>]
DEBUG:pytest:<function pytest_fixture_post_finalizer at 0x044B6D68> - [<FixtureDef argname='sess_ft_3' scope='session' baseid=''>]
DEBUG:pytest:<function pytest_fixture_post_finalizer at 0x044B6D68> - [<FixtureDef argname='sess_ft_1' scope='session' baseid=''>]
DEBUG:pytest:<function pytest_fixture_post_finalizer at 0x044B6D68> - [<FixtureDef argname='sess_ft_4' scope='session' baseid=''>]
DEBUG:pytest:<function pytest_fixture_post_finalizer at 0x044B6D68> - [<FixtureDef argname='sess_ft_3' scope='session' baseid=''>]
DEBUG:pytest:<function pytest_fixture_post_finalizer at 0x044B6D68> - [<FixtureDef argname='sess_ft_1' scope='session' baseid=''>]
DEBUG:pytest:<function pytest_fixture_post_finalizer at 0x044B6D68> - [<FixtureDef argname='sess_ft_4' scope='session' baseid=''>]
DEBUG:pytest:<function pytest_runtest_makereport at 0x044577C8> - [<Function test_case_4>, <CallInfo when='teardown' result: []>]
DEBUG:pytest:<function pytest_runtest_makereport at 0x044157C8> - [<Function test_case_4>, <CallInfo when='teardown' result: []>]
DEBUG:pytest:<bound method Session.pytest_runtest_logreport of <Session pytest exitstatus=<ExitCode.OK: 0> testsfailed=1 testscollected=4>> - [<TestReport 'mytest/test_01.py::test_case_4' when='teardown' outcome='passed'>]
DEBUG:pytest:<bound method TerminalReporter.pytest_runtest_logreport of <_pytest.terminal.TerminalReporter object at 0x045263B0>> - [<TestReport 'mytest/test_01.py::test_case_4' when='teardown' outcome='passed'>]
DEBUG:pytest:<function pytest_report_teststatus at 0x04472108> - [<TestReport 'mytest/test_01.py::test_case_4' when='teardown' outcome='passed'>]
DEBUG:pytest:<function pytest_report_teststatus at 0x044156A8> - [<TestReport 'mytest/test_01.py::test_case_4' when='teardown' outcome='passed'>]
DEBUG:pytest:<bound method StepwisePlugin.pytest_runtest_logreport of <_pytest.stepwise.StepwisePlugin object at 0x045261F0>> - [<TestReport 'mytest/test_01.py::test_case_4' when='teardown' outcome='passed'>]
DEBUG:pytest:<bound method LFPlugin.pytest_runtest_logreport of <_pytest.cacheprovider.LFPlugin object at 0x045266B0>> - [<TestReport 'mytest/test_01.py::test_case_4' when='teardown' outcome='passed'>]
DEBUG:pytest:<bound method TerminalReporter.pytest_runtest_logfinish of <_pytest.terminal.TerminalReporter object at 0x045263B0>> - ['mytest/test_01.py::test_case_4']
DEBUG:pytest:<bound method StepwisePlugin.pytest_sessionfinish of <_pytest.stepwise.StepwisePlugin object at 0x045261F0>> - [<Session pytest exitstatus=<ExitCode.TESTS_FAILED: 1> testsfailed=1 testscollected=4>]
DEBUG:pytest:<bound method NFPlugin.pytest_sessionfinish of <_pytest.cacheprovider.NFPlugin object at 0x04526490>> - [<Session pytest exitstatus=<ExitCode.TESTS_FAILED: 1> testsfailed=1 testscollected=4>]
DEBUG:pytest:<bound method LFPlugin.pytest_sessionfinish of <_pytest.cacheprovider.LFPlugin object at 0x045266B0>> - [<Session pytest exitstatus=<ExitCode.TESTS_FAILED: 1> testsfailed=1 testscollected=4>]
DEBUG:pytest:<function pytest_sessionfinish at 0x03FC3B28> - [<Session pytest exitstatus=<ExitCode.TESTS_FAILED: 1> testsfailed=1 testscollected=4>]
DEBUG:pytest:<function pytest_sessionfinish at 0x04415468> - [<Session pytest exitstatus=<ExitCode.TESTS_FAILED: 1> testsfailed=1 testscollected=4>]
DEBUG:pytest:<function pytest_terminal_summary at 0x044825D0> - [<_pytest.terminal.TerminalReporter object at 0x045263B0>]
DEBUG:pytest:<function pytest_terminal_summary at 0x04406B70> - [<_pytest.terminal.TerminalReporter object at 0x045263B0>]
DEBUG:pytest:<bound method TerminalReporter.pytest_unconfigure of <_pytest.terminal.TerminalReporter object at 0x045263B0>> - []
DEBUG:pytest:<function pytest_unconfigure at 0x044CEE88> - [<_pytest.config.Config object at 0x043DA070>]
DEBUG:pytest:<function pytest_unconfigure at 0x0449A390> - [<_pytest.config.Config object at 0x043DA070>]
DEBUG:pytest:<function pytest_unconfigure at 0x04494E40> - [<_pytest.config.Config object at 0x043DA070>]
DEBUG:pytest:<function pytest_unconfigure at 0x044824F8> - [<_pytest.config.Config object at 0x043DA070>]
DEBUG:pytest:<function pytest_unconfigure at 0x043FB390> - [<_pytest.config.Config object at 0x043DA070>]
